# JRE version: 7.0_05-b06
# Java VM: Java HotSpot(TM) 64-Bit Server VM (23.1-b03 mixed mode windows-amd64 compressed oops)
Heap
 PSYoungGen      total 19072K, used 7535K [0x00000000eac00000, 0x00000000ed140000, 0x0000000000000000)
  eden space 16384K, 45% used [0x00000000eac00000,0x00000000eb35bd98,0x00000000ebc00000)
  from space 2688K, 0% used [0x00000000ebc00000,0x00000000ebc00000,0x00000000ebea0000)
  to   space 2688K, 0% used [0x00000000ecea0000,0x00000000ecea0000,0x00000000ed140000)
 ParOldGen       total 65408K, used 28334K [0x00000000c0400000, 0x00000000c43e0000, 0x00000000eac00000)
  object space 65408K, 43% used [0x00000000c0400000,0x00000000c1faba90,0x00000000c43e0000)
 PSPermGen       total 21248K, used 8223K [0x00000000bb200000, 0x00000000bc6c0000, 0x00000000c0400000)
  object space 21248K, 38% used [0x00000000bb200000,0x00000000bba07f70,0x00000000bc6c0000)
GC Heap History (8 events):
Event: 1.159 GC heap before
{Heap before GC invocations=1 (full 0):
 PSYoungGen      total 19072K, used 16384K [0x00000000eac00000, 0x00000000ec140000, 0x0000000000000000)
  eden space 16384K, 100% used [0x00000000eac00000,0x00000000ebc00000,0x00000000ebc00000)
  from space 2688K, 0% used [0x00000000ebea0000,0x00000000ebea0000,0x00000000ec140000)
  to   space 2688K, 0% used [0x00000000ebc00000,0x00000000ebc00000,0x00000000ebea0000)
 ParOldGen       total 43520K, used 0K [0x00000000c0400000, 0x00000000c2e80000, 0x00000000eac00000)
  object space 43520K, 0% used [0x00000000c0400000,0x00000000c0400000,0x00000000c2e80000)
 PSPermGen       total 21248K, used 7969K [0x00000000bb200000, 0x00000000bc6c0000, 0x00000000c0400000)
  object space 21248K, 37% used [0x00000000bb200000,0x00000000bb9c8788,0x00000000bc6c0000)
Event: 1.165 GC heap after
Heap after GC invocations=1 (full 0):
 PSYoungGen      total 19072K, used 2684K [0x00000000eac00000, 0x00000000ec140000, 0x0000000000000000)
  eden space 16384K, 0% used [0x00000000eac00000,0x00000000eac00000,0x00000000ebc00000)
  from space 2688K, 99% used [0x00000000ebc00000,0x00000000ebe9f120,0x00000000ebea0000)
  to   space 2688K, 0% used [0x00000000ebea0000,0x00000000ebea0000,0x00000000ec140000)
 ParOldGen       total 43520K, used 2185K [0x00000000c0400000, 0x00000000c2e80000, 0x00000000eac00000)
  object space 43520K, 5% used [0x00000000c0400000,0x00000000c0622468,0x00000000c2e80000)
 PSPermGen       total 21248K, used 7969K [0x00000000bb200000, 0x00000000bc6c0000, 0x00000000c0400000)
  object space 21248K, 37% used [0x00000000bb200000,0x00000000bb9c8788,0x00000000bc6c0000)
}
Event: 2.233 GC heap before
{Heap before GC invocations=2 (full 0):
 PSYoungGen      total 19072K, used 19063K [0x00000000eac00000, 0x00000000ec140000, 0x0000000000000000)
  eden space 16384K, 99% used [0x00000000eac00000,0x00000000ebbfeae8,0x00000000ebc00000)
  from space 2688K, 99% used [0x00000000ebc00000,0x00000000ebe9f120,0x00000000ebea0000)
  to   space 2688K, 0% used [0x00000000ebea0000,0x00000000ebea0000,0x00000000ec140000)
 ParOldGen       total 43520K, used 2185K [0x00000000c0400000, 0x00000000c2e80000, 0x00000000eac00000)
  object space 43520K, 5% used [0x00000000c0400000,0x00000000c0622468,0x00000000c2e80000)
 PSPermGen       total 21248K, used 8226K [0x00000000bb200000, 0x00000000bc6c0000, 0x00000000c0400000)
  object space 21248K, 38% used [0x00000000bb200000,0x00000000bba08858,0x00000000bc6c0000)
Event: 2.241 GC heap after
Heap after GC invocations=2 (full 0):
 PSYoungGen      total 19072K, used 2670K [0x00000000eac00000, 0x00000000ec140000, 0x0000000000000000)
  eden space 16384K, 0% used [0x00000000eac00000,0x00000000eac00000,0x00000000ebc00000)
  from space 2688K, 99% used [0x00000000ebea0000,0x00000000ec13b890,0x00000000ec140000)
  to   space 2688K, 0% used [0x00000000ebc00000,0x00000000ebc00000,0x00000000ebea0000)
 ParOldGen       total 43520K, used 11999K [0x00000000c0400000, 0x00000000c2e80000, 0x00000000eac00000)
  object space 43520K, 27% used [0x00000000c0400000,0x00000000c0fb7ec0,0x00000000c2e80000)
 PSPermGen       total 21248K, used 8226K [0x00000000bb200000, 0x00000000bc6c0000, 0x00000000c0400000)
  object space 21248K, 38% used [0x00000000bb200000,0x00000000bba08858,0x00000000bc6c0000)
}
Event: 2.243 GC heap before
{Heap before GC invocations=3 (full 0):
 PSYoungGen      total 19072K, used 19037K [0x00000000eac00000, 0x00000000ec140000, 0x0000000000000000)
  eden space 16384K, 99% used [0x00000000eac00000,0x00000000ebbfbd20,0x00000000ebc00000)
  from space 2688K, 99% used [0x00000000ebea0000,0x00000000ec13b890,0x00000000ec140000)
  to   space 2688K, 0% used [0x00000000ebc00000,0x00000000ebc00000,0x00000000ebea0000)
 ParOldGen       total 43520K, used 11999K [0x00000000c0400000, 0x00000000c2e80000, 0x00000000eac00000)
  object space 43520K, 27% used [0x00000000c0400000,0x00000000c0fb7ec0,0x00000000c2e80000)
 PSPermGen       total 21248K, used 8226K [0x00000000bb200000, 0x00000000bc6c0000, 0x00000000c0400000)
  object space 21248K, 38% used [0x00000000bb200000,0x00000000bba08858,0x00000000bc6c0000)
Event: 2.251 GC heap after
Heap after GC invocations=3 (full 0):
 PSYoungGen      total 19072K, used 2657K [0x00000000eac00000, 0x00000000ed140000, 0x0000000000000000)
  eden space 16384K, 0% used [0x00000000eac00000,0x00000000eac00000,0x00000000ebc00000)
  from space 2688K, 98% used [0x00000000ebc00000,0x00000000ebe98470,0x00000000ebea0000)
  to   space 2688K, 0% used [0x00000000ecea0000,0x00000000ecea0000,0x00000000ed140000)
 ParOldGen       total 43520K, used 28151K [0x00000000c0400000, 0x00000000c2e80000, 0x00000000eac00000)
  object space 43520K, 64% used [0x00000000c0400000,0x00000000c1f7ded0,0x00000000c2e80000)
 PSPermGen       total 21248K, used 8226K [0x00000000bb200000, 0x00000000bc6c0000, 0x00000000c0400000)
  object space 21248K, 38% used [0x00000000bb200000,0x00000000bba08858,0x00000000bc6c0000)
}
Event: 2.251 GC heap before
{Heap before GC invocations=4 (full 1):
 PSYoungGen      total 19072K, used 2657K [0x00000000eac00000, 0x00000000ed140000, 0x0000000000000000)
  eden space 16384K, 0% used [0x00000000eac00000,0x00000000eac00000,0x00000000ebc00000)
  from space 2688K, 98% used [0x00000000ebc00000,0x00000000ebe98470,0x00000000ebea0000)
  to   space 2688K, 0% used [0x00000000ecea0000,0x00000000ecea0000,0x00000000ed140000)
 ParOldGen       total 43520K, used 28151K [0x00000000c0400000, 0x00000000c2e80000, 0x00000000eac00000)
  object space 43520K, 64% used [0x00000000c0400000,0x00000000c1f7ded0,0x00000000c2e80000)
 PSPermGen       total 21248K, used 8226K [0x00000000bb200000, 0x00000000bc6c0000, 0x00000000c0400000)
  object space 21248K, 38% used [0x00000000bb200000,0x00000000bba08858,0x00000000bc6c0000)
Event: 2.278 GC heap after
Heap after GC invocations=4 (full 1):
 PSYoungGen      total 19072K, used 0K [0x00000000eac00000, 0x00000000ed140000, 0x0000000000000000)
  eden space 16384K, 0% used [0x00000000eac00000,0x00000000eac00000,0x00000000ebc00000)
  from space 2688K, 0% used [0x00000000ebc00000,0x00000000ebc00000,0x00000000ebea0000)
  to   space 2688K, 0% used [0x00000000ecea0000,0x00000000ecea0000,0x00000000ed140000)
 ParOldGen       total 65408K, used 28334K [0x00000000c0400000, 0x00000000c43e0000, 0x00000000eac00000)
  object space 65408K, 43% used [0x00000000c0400000,0x00000000c1faba90,0x00000000c43e0000)
 PSPermGen       total 21248K, used 8223K [0x00000000bb200000, 0x00000000bc6c0000, 0x00000000c0400000)
  object space 21248K, 38% used [0x00000000bb200000,0x00000000bba07f70,0x00000000bc6c0000)
}

