# JRE version: 7.0_05-b06
# Java VM: Java HotSpot(TM) 64-Bit Server VM (23.1-b03 mixed mode windows-amd64 compressed oops)
Heap
 PSYoungGen      total 35456K, used 12790K [0x00000000eac00000, 0x00000000f2ed0000, 0x0000000000000000)
  eden space 32768K, 32% used [0x00000000eac00000,0x00000000eb64dbc8,0x00000000ecc00000)
  from space 2688K, 83% used [0x00000000ecc00000,0x00000000ece2fe90,0x00000000ecea0000)
  to   space 35904K, 0% used [0x00000000f0bc0000,0x00000000f0bc0000,0x00000000f2ed0000)
 ParOldGen       total 131712K, used 73917K [0x00000000c0400000, 0x00000000c84a0000, 0x00000000eac00000)
  object space 131712K, 56% used [0x00000000c0400000,0x00000000c4c2f668,0x00000000c84a0000)
 PSPermGen       total 21248K, used 8230K [0x00000000bb200000, 0x00000000bc6c0000, 0x00000000c0400000)
  object space 21248K, 38% used [0x00000000bb200000,0x00000000bba09918,0x00000000bc6c0000)
GC Heap History (10 events):
Event: 2.117 GC heap before
{Heap before GC invocations=3 (full 0):
 PSYoungGen      total 19072K, used 19050K [0x00000000eac00000, 0x00000000ec140000, 0x0000000000000000)
  eden space 16384K, 100% used [0x00000000eac00000,0x00000000ebc00000,0x00000000ebc00000)
  from space 2688K, 99% used [0x00000000ebea0000,0x00000000ec13a9e0,0x00000000ec140000)
  to   space 2688K, 0% used [0x00000000ebc00000,0x00000000ebc00000,0x00000000ebea0000)
 ParOldGen       total 43520K, used 12100K [0x00000000c0400000, 0x00000000c2e80000, 0x00000000eac00000)
  object space 43520K, 27% used [0x00000000c0400000,0x00000000c0fd1338,0x00000000c2e80000)
 PSPermGen       total 21248K, used 8227K [0x00000000bb200000, 0x00000000bc6c0000, 0x00000000c0400000)
  object space 21248K, 38% used [0x00000000bb200000,0x00000000bba08ce8,0x00000000bc6c0000)
Event: 2.126 GC heap after
Heap after GC invocations=3 (full 0):
 PSYoungGen      total 19072K, used 2666K [0x00000000eac00000, 0x00000000ed140000, 0x0000000000000000)
  eden space 16384K, 0% used [0x00000000eac00000,0x00000000eac00000,0x00000000ebc00000)
  from space 2688K, 99% used [0x00000000ebc00000,0x00000000ebe9a9c0,0x00000000ebea0000)
  to   space 2688K, 0% used [0x00000000ecea0000,0x00000000ecea0000,0x00000000ed140000)
 ParOldGen       total 43520K, used 28437K [0x00000000c0400000, 0x00000000c2e80000, 0x00000000eac00000)
  object space 43520K, 65% used [0x00000000c0400000,0x00000000c1fc56a8,0x00000000c2e80000)
 PSPermGen       total 21248K, used 8227K [0x00000000bb200000, 0x00000000bc6c0000, 0x00000000c0400000)
  object space 21248K, 38% used [0x00000000bb200000,0x00000000bba08ce8,0x00000000bc6c0000)
}
Event: 2.126 GC heap before
{Heap before GC invocations=4 (full 1):
 PSYoungGen      total 19072K, used 2666K [0x00000000eac00000, 0x00000000ed140000, 0x0000000000000000)
  eden space 16384K, 0% used [0x00000000eac00000,0x00000000eac00000,0x00000000ebc00000)
  from space 2688K, 99% used [0x00000000ebc00000,0x00000000ebe9a9c0,0x00000000ebea0000)
  to   space 2688K, 0% used [0x00000000ecea0000,0x00000000ecea0000,0x00000000ed140000)
 ParOldGen       total 43520K, used 28437K [0x00000000c0400000, 0x00000000c2e80000, 0x00000000eac00000)
  object space 43520K, 65% used [0x00000000c0400000,0x00000000c1fc56a8,0x00000000c2e80000)
 PSPermGen       total 21248K, used 8227K [0x00000000bb200000, 0x00000000bc6c0000, 0x00000000c0400000)
  object space 21248K, 38% used [0x00000000bb200000,0x00000000bba08ce8,0x00000000bc6c0000)
Event: 2.160 GC heap after
Heap after GC invocations=4 (full 1):
 PSYoungGen      total 19072K, used 0K [0x00000000eac00000, 0x00000000ed140000, 0x0000000000000000)
  eden space 16384K, 0% used [0x00000000eac00000,0x00000000eac00000,0x00000000ebc00000)
  from space 2688K, 0% used [0x00000000ebc00000,0x00000000ebc00000,0x00000000ebea0000)
  to   space 2688K, 0% used [0x00000000ecea0000,0x00000000ecea0000,0x00000000ed140000)
 ParOldGen       total 66240K, used 28631K [0x00000000c0400000, 0x00000000c44b0000, 0x00000000eac00000)
  object space 66240K, 43% used [0x00000000c0400000,0x00000000c1ff5e30,0x00000000c44b0000)
 PSPermGen       total 21248K, used 8225K [0x00000000bb200000, 0x00000000bc6c0000, 0x00000000c0400000)
  object space 21248K, 38% used [0x00000000bb200000,0x00000000bba08400,0x00000000bc6c0000)
}
Event: 2.164 GC heap before
{Heap before GC invocations=5 (full 1):
 PSYoungGen      total 19072K, used 16384K [0x00000000eac00000, 0x00000000ed140000, 0x0000000000000000)
  eden space 16384K, 100% used [0x00000000eac00000,0x00000000ebc00000,0x00000000ebc00000)
  from space 2688K, 0% used [0x00000000ebc00000,0x00000000ebc00000,0x00000000ebea0000)
  to   space 2688K, 0% used [0x00000000ecea0000,0x00000000ecea0000,0x00000000ed140000)
 ParOldGen       total 66240K, used 28631K [0x00000000c0400000, 0x00000000c44b0000, 0x00000000eac00000)
  object space 66240K, 43% used [0x00000000c0400000,0x00000000c1ff5e30,0x00000000c44b0000)
 PSPermGen       total 21248K, used 8225K [0x00000000bb200000, 0x00000000bc6c0000, 0x00000000c0400000)
  object space 21248K, 38% used [0x00000000bb200000,0x00000000bba08400,0x00000000bc6c0000)
Event: 2.171 GC heap after
Heap after GC invocations=5 (full 1):
 PSYoungGen      total 34432K, used 2688K [0x00000000eac00000, 0x00000000ed140000, 0x0000000000000000)
  eden space 31744K, 0% used [0x00000000eac00000,0x00000000eac00000,0x00000000ecb00000)
  from space 2688K, 100% used [0x00000000ecea0000,0x00000000ed140000,0x00000000ed140000)
  to   space 2688K, 0% used [0x00000000ecc00000,0x00000000ecc00000,0x00000000ecea0000)
 ParOldGen       total 66240K, used 42298K [0x00000000c0400000, 0x00000000c44b0000, 0x00000000eac00000)
  object space 66240K, 63% used [0x00000000c0400000,0x00000000c2d4e9b0,0x00000000c44b0000)
 PSPermGen       total 21248K, used 8225K [0x00000000bb200000, 0x00000000bc6c0000, 0x00000000c0400000)
  object space 21248K, 38% used [0x00000000bb200000,0x00000000bba08400,0x00000000bc6c0000)
}
Event: 2.178 GC heap before
{Heap before GC invocations=6 (full 1):
 PSYoungGen      total 34432K, used 34432K [0x00000000eac00000, 0x00000000ed140000, 0x0000000000000000)
  eden space 31744K, 100% used [0x00000000eac00000,0x00000000ecb00000,0x00000000ecb00000)
  from space 2688K, 100% used [0x00000000ecea0000,0x00000000ed140000,0x00000000ed140000)
  to   space 2688K, 0% used [0x00000000ecc00000,0x00000000ecc00000,0x00000000ecea0000)
 ParOldGen       total 66240K, used 42298K [0x00000000c0400000, 0x00000000c44b0000, 0x00000000eac00000)
  object space 66240K, 63% used [0x00000000c0400000,0x00000000c2d4e9b0,0x00000000c44b0000)
 PSPermGen       total 21248K, used 8225K [0x00000000bb200000, 0x00000000bc6c0000, 0x00000000c0400000)
  object space 21248K, 38% used [0x00000000bb200000,0x00000000bba08400,0x00000000bc6c0000)
Event: 2.200 GC heap after
Heap after GC invocations=6 (full 1):
 PSYoungGen      total 35456K, used 2688K [0x00000000eac00000, 0x00000000f2ed0000, 0x0000000000000000)
  eden space 32768K, 0% used [0x00000000eac00000,0x00000000eac00000,0x00000000ecc00000)
  from space 2688K, 100% used [0x00000000ecc00000,0x00000000ecea0000,0x00000000ecea0000)
  to   space 35904K, 0% used [0x00000000f0bc0000,0x00000000f0bc0000,0x00000000f2ed0000)
 ParOldGen       total 73920K, used 73900K [0x00000000c0400000, 0x00000000c4c30000, 0x00000000eac00000)
  object space 73920K, 99% used [0x00000000c0400000,0x00000000c4c2b0a0,0x00000000c4c30000)
 PSPermGen       total 21248K, used 8225K [0x00000000bb200000, 0x00000000bc6c0000, 0x00000000c0400000)
  object space 21248K, 38% used [0x00000000bb200000,0x00000000bba08400,0x00000000bc6c0000)
}
Event: 2.200 GC heap before
{Heap before GC invocations=7 (full 2):
 PSYoungGen      total 35456K, used 2688K [0x00000000eac00000, 0x00000000f2ed0000, 0x0000000000000000)
  eden space 32768K, 0% used [0x00000000eac00000,0x00000000eac00000,0x00000000ecc00000)
  from space 2688K, 100% used [0x00000000ecc00000,0x00000000ecea0000,0x00000000ecea0000)
  to   space 35904K, 0% used [0x00000000f0bc0000,0x00000000f0bc0000,0x00000000f2ed0000)
 ParOldGen       total 73920K, used 73900K [0x00000000c0400000, 0x00000000c4c30000, 0x00000000eac00000)
  object space 73920K, 99% used [0x00000000c0400000,0x00000000c4c2b0a0,0x00000000c4c30000)
 PSPermGen       total 21248K, used 8225K [0x00000000bb200000, 0x00000000bc6c0000, 0x00000000c0400000)
  object space 21248K, 38% used [0x00000000bb200000,0x00000000bba08400,0x00000000bc6c0000)
Event: 2.236 GC heap after
Heap after GC invocations=7 (full 2):
 PSYoungGen      total 35456K, used 2239K [0x00000000eac00000, 0x00000000f2ed0000, 0x0000000000000000)
  eden space 32768K, 0% used [0x00000000eac00000,0x00000000eac00000,0x00000000ecc00000)
  from space 2688K, 83% used [0x00000000ecc00000,0x00000000ece2fe90,0x00000000ecea0000)
  to   space 35904K, 0% used [0x00000000f0bc0000,0x00000000f0bc0000,0x00000000f2ed0000)
 ParOldGen       total 131712K, used 73917K [0x00000000c0400000, 0x00000000c84a0000, 0x00000000eac00000)
  object space 131712K, 56% used [0x00000000c0400000,0x00000000c4c2f668,0x00000000c84a0000)
 PSPermGen       total 21248K, used 8225K [0x00000000bb200000, 0x00000000bc6c0000, 0x00000000c0400000)
  object space 21248K, 38% used [0x00000000bb200000,0x00000000bba08400,0x00000000bc6c0000)
}

